<?xml version="1.0" encoding="UTF-8"?>
<robot generator="Robot 3.1.1 (Python 3.7.0 on darwin)" generated="20190319 20:38:52.829" rpa="false">
<suite id="s1" name="submit editOpty addToCart alreadyCart transaction parent child test" source="/Users/ganiyanpauji/Documents/SharkWEB Kebutuhan Test/testCase/testingEditOpty/submit_editOpty_addToCart_alreadyCart_transaction_parent_child_test.robot">
<test id="s1-t1" name="Create Transaction Parent Child Test">
<kw name="Create Transaction Parent Child Get Opty">
<arguments>
<arg>${SEARCHDATA}</arg>
<arg>${CATATANTRANSAKSI}</arg>
<arg>${EMAIL_REQUESTOR}</arg>
<arg>${PASSWORD}</arg>
<arg>${PILIHPERUSAHAAN}</arg>
<arg>${PILIHNPWP}</arg>
<arg>${OPTYNAME}</arg>
</arguments>
<kw name="GIVEN Open Main Page Using Chrome Browser" library="resources">
<kw name="Open Browser" library="SeleniumLibrary">
<doc>Opens a new browser instance to the given ``url``.</doc>
<arguments>
<arg>${MAIN_PAGE}</arg>
<arg>chrome</arg>
</arguments>
<msg timestamp="20190319 20:38:53.326" level="INFO">Opening browser 'chrome' to base url 'http://shark-cf-staging.bhinnekalocal.com/'.</msg>
<status status="PASS" starttime="20190319 20:38:53.326" endtime="20190319 20:38:59.813"></status>
</kw>
<status status="PASS" starttime="20190319 20:38:53.326" endtime="20190319 20:38:59.814"></status>
</kw>
<kw name="And Home Page To Login Email Page" library="home_pages">
<kw name="Home Page Already Opened" library="home_pages">
<kw name="Wait Until Element Is Visible" library="SeleniumLibrary">
<doc>Waits until element ``locator`` is visible.</doc>
<arguments>
<arg>${LOGIN_BUTTON_CF}</arg>
</arguments>
<status status="PASS" starttime="20190319 20:38:59.817" endtime="20190319 20:39:00.039"></status>
</kw>
<status status="PASS" starttime="20190319 20:38:59.817" endtime="20190319 20:39:00.040"></status>
</kw>
<kw name="Klik Login Button" library="home_pages">
<kw name="Click Element" library="SeleniumLibrary">
<doc>Click element identified by ``locator``.</doc>
<arguments>
<arg>${LOGIN_BUTTON_CF}</arg>
</arguments>
<msg timestamp="20190319 20:39:00.042" level="INFO">Clicking element '//div[@class='container']/div[@class='bt-navbar__login']/a[contains(text(),'Login')]'.</msg>
<status status="PASS" starttime="20190319 20:39:00.041" endtime="20190319 20:39:00.916"></status>
</kw>
<status status="PASS" starttime="20190319 20:39:00.040" endtime="20190319 20:39:00.917"></status>
</kw>
<status status="PASS" starttime="20190319 20:38:59.815" endtime="20190319 20:39:00.917"></status>
</kw>
<kw name="And Login Account Requestor Success" library="login_pages">
<arguments>
<arg>${EMAIL_REQUESTOR}</arg>
<arg>${PASSWORD}</arg>
</arguments>
<kw name="Login Email Page Opened" library="login_pages">
<kw name="Wait Until Element Is Visible" library="SeleniumLibrary">
<doc>Waits until element ``locator`` is visible.</doc>
<arguments>
<arg>${INPUT_EMAIL}</arg>
</arguments>
<status status="PASS" starttime="20190319 20:39:00.920" endtime="20190319 20:39:00.959"></status>
</kw>
<kw name="Wait Until Element Is Visible" library="SeleniumLibrary">
<doc>Waits until element ``locator`` is visible.</doc>
<arguments>
<arg>${BUTTON_LANJUT}</arg>
</arguments>
<status status="PASS" starttime="20190319 20:39:00.959" endtime="20190319 20:39:01.004"></status>
</kw>
<status status="PASS" starttime="20190319 20:39:00.919" endtime="20190319 20:39:01.004"></status>
</kw>
<kw name="Input Email" library="login_pages">
<arguments>
<arg>${email_requestor}</arg>
</arguments>
<kw name="Input Text" library="SeleniumLibrary">
<doc>Types the given ``text`` into text field identified by ``locator``.</doc>
<arguments>
<arg>${INPUT_EMAIL}</arg>
<arg>${user_name}</arg>
</arguments>
<msg timestamp="20190319 20:39:01.006" level="INFO">Typing text 'a.parentadmin@grr.la' into text field '//input[@name='email']'.</msg>
<status status="PASS" starttime="20190319 20:39:01.005" endtime="20190319 20:39:01.279"></status>
</kw>
<kw name="Click Element" library="SeleniumLibrary">
<doc>Click element identified by ``locator``.</doc>
<arguments>
<arg>${BUTTON_LANJUT}</arg>
</arguments>
<msg timestamp="20190319 20:39:01.280" level="INFO">Clicking element '//button'.</msg>
<status status="PASS" starttime="20190319 20:39:01.279" endtime="20190319 20:39:01.834"></status>
</kw>
<status status="PASS" starttime="20190319 20:39:01.004" endtime="20190319 20:39:01.834"></status>
</kw>
<kw name="Login Password Page Will Be Success" library="login_pages">
<kw name="Wait Until Element Is Visible" library="SeleniumLibrary">
<doc>Waits until element ``locator`` is visible.</doc>
<arguments>
<arg>${INPUT_PASSWORD}</arg>
</arguments>
<status status="PASS" starttime="20190319 20:39:01.835" endtime="20190319 20:39:01.869"></status>
</kw>
<kw name="Wait Until Element Is Visible" library="SeleniumLibrary">
<doc>Waits until element ``locator`` is visible.</doc>
<arguments>
<arg>${BUTTON_MASUK}</arg>
</arguments>
<status status="PASS" starttime="20190319 20:39:01.869" endtime="20190319 20:39:01.894"></status>
</kw>
<status status="PASS" starttime="20190319 20:39:01.835" endtime="20190319 20:39:01.894"></status>
</kw>
<kw name="Input Password Field" library="login_pages">
<arguments>
<arg>${password}</arg>
</arguments>
<kw name="Input Text" library="SeleniumLibrary">
<doc>Types the given ``text`` into text field identified by ``locator``.</doc>
<arguments>
<arg>${INPUT_PASSWORD}</arg>
<arg>${password}</arg>
</arguments>
<msg timestamp="20190319 20:39:01.895" level="INFO">Typing text 'Bhinneka321' into text field '//input[@name='password']'.</msg>
<status status="PASS" starttime="20190319 20:39:01.895" endtime="20190319 20:39:02.021"></status>
</kw>
<kw name="Click Element" library="SeleniumLibrary">
<doc>Click element identified by ``locator``.</doc>
<arguments>
<arg>${BUTTON_MASUK}</arg>
</arguments>
<msg timestamp="20190319 20:39:02.022" level="INFO">Clicking element '//div[5]/button'.</msg>
<status status="PASS" starttime="20190319 20:39:02.021" endtime="20190319 20:39:05.069"></status>
</kw>
<status status="PASS" starttime="20190319 20:39:01.894" endtime="20190319 20:39:05.069"></status>
</kw>
<status status="PASS" starttime="20190319 20:39:00.918" endtime="20190319 20:39:05.069"></status>
</kw>
<kw name="And Open Detail Page After Search SKU" library="home_pages">
<arguments>
<arg>${SEARCHDATA}</arg>
</arguments>
<kw name="Detail Product by SKU" library="home_pages">
<arguments>
<arg>${skuNumber}</arg>
</arguments>
<kw name="Search Product by SKU" library="home_pages">
<arguments>
<arg>${skuNumber}</arg>
</arguments>
<kw name="Home Page After Login" library="home_pages">
<kw name="Wait Until Element Is Visible" library="SeleniumLibrary">
<doc>Waits until element ``locator`` is visible.</doc>
<arguments>
<arg>${HEADER_LOGINUSER}</arg>
</arguments>
<status status="PASS" starttime="20190319 20:39:05.074" endtime="20190319 20:39:05.191"></status>
</kw>
<kw name="Wait Until Element Is Visible" library="SeleniumLibrary">
<doc>Waits until element ``locator`` is visible.</doc>
<arguments>
<arg>${HEADER_SEARCH}</arg>
</arguments>
<status status="PASS" starttime="20190319 20:39:05.191" endtime="20190319 20:39:05.215"></status>
</kw>
<status status="PASS" starttime="20190319 20:39:05.073" endtime="20190319 20:39:05.215"></status>
</kw>
<kw name="Input Searh Textbox" library="home_pages">
<arguments>
<arg>${skuNumber}</arg>
</arguments>
<kw name="Input Text" library="SeleniumLibrary">
<doc>Types the given ``text`` into text field identified by ``locator``.</doc>
<arguments>
<arg>${HEADER_SEARCH}</arg>
<arg>${skuNumber}</arg>
</arguments>
<msg timestamp="20190319 20:39:05.216" level="INFO">Typing text '3320724191' into text field 'id=nav-search'.</msg>
<status status="PASS" starttime="20190319 20:39:05.216" endtime="20190319 20:39:05.372"></status>
</kw>
<status status="PASS" starttime="20190319 20:39:05.215" endtime="20190319 20:39:05.372"></status>
</kw>
<kw name="Click Element" library="SeleniumLibrary">
<doc>Click element identified by ``locator``.</doc>
<arguments>
<arg>${SEARCH_ICON}</arg>
</arguments>
<msg timestamp="20190319 20:39:05.374" level="INFO">Clicking element '//div[@class='navbar-search__btn-wrapper']/button'.</msg>
<status status="PASS" starttime="20190319 20:39:05.373" endtime="20190319 20:39:08.328"></status>
</kw>
<status status="PASS" starttime="20190319 20:39:05.072" endtime="20190319 20:39:08.329"></status>
</kw>
<status status="PASS" starttime="20190319 20:39:05.071" endtime="20190319 20:39:08.329"></status>
</kw>
<kw name="Click List Product Showed" library="home_pages">
<kw name="Wait Until Element Is Visible" library="SeleniumLibrary">
<doc>Waits until element ``locator`` is visible.</doc>
<arguments>
<arg>${DAFTAR_PRODUCT}</arg>
</arguments>
<status status="PASS" starttime="20190319 20:39:08.331" endtime="20190319 20:39:08.438"></status>
</kw>
<kw name="Click Element" library="SeleniumLibrary">
<doc>Click element identified by ``locator``.</doc>
<arguments>
<arg>${DAFTAR_PRODUCT}</arg>
</arguments>
<msg timestamp="20190319 20:39:08.439" level="INFO">Clicking element '//div[@class='col-md-9 bt-product-main-info']'.</msg>
<status status="PASS" starttime="20190319 20:39:08.439" endtime="20190319 20:39:11.747"></status>
</kw>
<status status="PASS" starttime="20190319 20:39:08.330" endtime="20190319 20:39:11.748"></status>
</kw>
<status status="PASS" starttime="20190319 20:39:05.070" endtime="20190319 20:39:11.748"></status>
</kw>
<kw name="And Add To Cart Product" library="detail_product_pages">
<kw name="Detail Product Already Opened" library="detail_product_pages">
<kw name="Wait Until Element Is Visible" library="SeleniumLibrary">
<doc>Waits until element ``locator`` is visible.</doc>
<arguments>
<arg>${BELISEKARANG_BUTTON}</arg>
</arguments>
<status status="PASS" starttime="20190319 20:39:11.750" endtime="20190319 20:39:11.787"></status>
</kw>
<status status="PASS" starttime="20190319 20:39:11.750" endtime="20190319 20:39:11.788"></status>
</kw>
<kw name="Click Beli Sekarang Button" library="detail_product_pages">
<kw name="Sleep" library="BuiltIn">
<doc>Pauses the test executed for the given time.</doc>
<arguments>
<arg>2</arg>
</arguments>
<msg timestamp="20190319 20:39:13.791" level="INFO">Slept 2 seconds</msg>
<status status="PASS" starttime="20190319 20:39:11.788" endtime="20190319 20:39:13.791"></status>
</kw>
<kw name="Click Element" library="SeleniumLibrary">
<doc>Click element identified by ``locator``.</doc>
<arguments>
<arg>${BELISEKARANG_BUTTON}</arg>
</arguments>
<msg timestamp="20190319 20:39:13.792" level="INFO">Clicking element '//button[@class='btn btn-lg btn-warning btn-icon' and @type='button']'.</msg>
<status status="PASS" starttime="20190319 20:39:13.791" endtime="20190319 20:39:13.865"></status>
</kw>
<status status="PASS" starttime="20190319 20:39:11.788" endtime="20190319 20:39:13.865"></status>
</kw>
<status status="PASS" starttime="20190319 20:39:11.749" endtime="20190319 20:39:13.865"></status>
</kw>
<kw name="And List Transaction Opened With Select Company" library="detail_product_pages">
<arguments>
<arg>${PILIHPERUSAHAAN}</arg>
</arguments>
<kw name="Select Pilih Perusahaan Field" library="detail_product_pages">
<arguments>
<arg>${pilih_perusahaan}</arg>
</arguments>
<kw name="Sleep" library="BuiltIn">
<doc>Pauses the test executed for the given time.</doc>
<arguments>
<arg>2</arg>
</arguments>
<msg timestamp="20190319 20:39:15.869" level="INFO">Slept 2 seconds</msg>
<status status="PASS" starttime="20190319 20:39:13.867" endtime="20190319 20:39:15.869"></status>
</kw>
<kw name="Click Element" library="SeleniumLibrary">
<doc>Click element identified by ``locator``.</doc>
<arguments>
<arg>${PILIHPERUSAHAAN_DROPLIS}</arg>
</arguments>
<msg timestamp="20190319 20:39:15.870" level="INFO">Clicking element '//div[@class='btn-group bootstrap-select form-control']/button[@data-id='selectCompany']/span[@class='filter-option pull-left']'.</msg>
<status status="PASS" starttime="20190319 20:39:15.870" endtime="20190319 20:39:15.947"></status>
</kw>
<kw name="Input Text" library="SeleniumLibrary">
<doc>Types the given ``text`` into text field identified by ``locator``.</doc>
<arguments>
<arg>${PILIHUNITBISNIS_TEXTBOX}</arg>
<arg>${pilih_perusahaan}</arg>
</arguments>
<msg timestamp="20190319 20:39:15.948" level="INFO">Typing text 'PT_PERSERO Parent Child' into text field '//div[@class='bs-searchbox']/input[@type='text' and @class='form-control']'.</msg>
<status status="PASS" starttime="20190319 20:39:15.947" endtime="20190319 20:39:16.284"></status>
</kw>
<kw name="Click Element" library="SeleniumLibrary">
<doc>Click element identified by ``locator``.</doc>
<arguments>
<arg>${PILIHUNITBISNIS_CLICKDROPDOWN}</arg>
</arguments>
<msg timestamp="20190319 20:39:16.285" level="INFO">Clicking element '//div/ul[@class='dropdown-menu inner']/li[@class='active']/a/span[@class='text']'.</msg>
<status status="PASS" starttime="20190319 20:39:16.284" endtime="20190319 20:39:16.371"></status>
</kw>
<kw name="Wait Until Element Is Visible" library="SeleniumLibrary">
<doc>Waits until element ``locator`` is visible.</doc>
<arguments>
<arg>${PILIHKERANJANG_HYPERLINK}</arg>
</arguments>
<status status="PASS" starttime="20190319 20:39:16.372" endtime="20190319 20:39:16.403"></status>
</kw>
<status status="PASS" starttime="20190319 20:39:13.867" endtime="20190319 20:39:16.403"></status>
</kw>
<kw name="Click Pilih Keranjang For Admin" library="detail_product_pages">
<kw name="Sleep" library="BuiltIn">
<doc>Pauses the test executed for the given time.</doc>
<arguments>
<arg>2</arg>
</arguments>
<msg timestamp="20190319 20:39:18.405" level="INFO">Slept 2 seconds</msg>
<status status="PASS" starttime="20190319 20:39:16.404" endtime="20190319 20:39:18.405"></status>
</kw>
<kw name="Wait Until Element Is Visible" library="SeleniumLibrary">
<doc>Waits until element ``locator`` is visible.</doc>
<arguments>
<arg>${KERANJANG_LINK}</arg>
<arg>timeout=15</arg>
</arguments>
<status status="PASS" starttime="20190319 20:39:18.406" endtime="20190319 20:39:18.437"></status>
</kw>
<kw name="Click Element" library="SeleniumLibrary">
<doc>Click element identified by ``locator``.</doc>
<arguments>
<arg>${KERANJANG_LINK}</arg>
</arguments>
<msg timestamp="20190319 20:39:18.438" level="INFO">Clicking element '//a[contains(text(),'Pilih Keranjang')]'.</msg>
<status status="PASS" starttime="20190319 20:39:18.438" endtime="20190319 20:39:18.490"></status>
</kw>
<status status="PASS" starttime="20190319 20:39:16.403" endtime="20190319 20:39:18.490"></status>
</kw>
<kw name="Click Keranjang Baru Hyperlink" library="detail_product_pages">
<kw name="Wait Until Element Is Visible" library="SeleniumLibrary">
<doc>Waits until element ``locator`` is visible.</doc>
<arguments>
<arg>${KERANJANGBARU_HYPERLINK}</arg>
</arguments>
<status status="PASS" starttime="20190319 20:39:18.491" endtime="20190319 20:39:18.526"></status>
</kw>
<kw name="Click Element" library="SeleniumLibrary">
<doc>Click element identified by ``locator``.</doc>
<arguments>
<arg>${KERANJANGBARU_HYPERLINK}</arg>
</arguments>
<msg timestamp="20190319 20:39:18.528" level="INFO">Clicking element '//a[@class='btn btn-link']'.</msg>
<status status="PASS" starttime="20190319 20:39:18.527" endtime="20190319 20:39:18.623"></status>
</kw>
<status status="PASS" starttime="20190319 20:39:18.491" endtime="20190319 20:39:18.624"></status>
</kw>
<kw name="Click Lanjut Ke keranjang Button" library="detail_product_pages">
<kw name="Wait Until Element Is Visible" library="SeleniumLibrary">
<doc>Waits until element ``locator`` is visible.</doc>
<arguments>
<arg>${LANJUTKEKERANJANG_BUTTON}</arg>
</arguments>
<status status="PASS" starttime="20190319 20:39:18.624" endtime="20190319 20:39:18.653"></status>
</kw>
<kw name="Click Element" library="SeleniumLibrary">
<doc>Click element identified by ``locator``.</doc>
<arguments>
<arg>${LANJUTKEKERANJANG_BUTTON}</arg>
</arguments>
<msg timestamp="20190319 20:39:18.654" level="INFO">Clicking element 'id=btnGoToCart'.</msg>
<status status="PASS" starttime="20190319 20:39:18.654" endtime="20190319 20:39:18.713"></status>
</kw>
<kw name="Sleep" library="BuiltIn">
<doc>Pauses the test executed for the given time.</doc>
<arguments>
<arg>2</arg>
</arguments>
<msg timestamp="20190319 20:39:20.716" level="INFO">Slept 2 seconds</msg>
<status status="PASS" starttime="20190319 20:39:18.713" endtime="20190319 20:39:20.716"></status>
</kw>
<status status="PASS" starttime="20190319 20:39:18.624" endtime="20190319 20:39:20.716"></status>
</kw>
<status status="PASS" starttime="20190319 20:39:13.866" endtime="20190319 20:39:20.717"></status>
</kw>
<kw name="And List First Transaction Selected" library="daftarTransaksi_semuaPesanan_pages">
<kw name="Sleep" library="BuiltIn">
<doc>Pauses the test executed for the given time.</doc>
<arguments>
<arg>6</arg>
</arguments>
<msg timestamp="20190319 20:39:26.719" level="INFO">Slept 6 seconds</msg>
<status status="PASS" starttime="20190319 20:39:20.718" endtime="20190319 20:39:26.720"></status>
</kw>
<kw name="Execute Javascript" library="SeleniumLibrary">
<doc>Executes the given JavaScript code with possible arguments.</doc>
<arguments>
<arg>window.scrollTo(0,300)</arg>
</arguments>
<msg timestamp="20190319 20:39:26.722" level="INFO">Executing JavaScript:
window.scrollTo(0,300)
Without any arguments.</msg>
<status status="PASS" starttime="20190319 20:39:26.720" endtime="20190319 20:39:26.736"></status>
</kw>
<kw name="Wait Until Page Contains Element" library="SeleniumLibrary">
<doc>Waits until element ``locator`` appears on current page.</doc>
<arguments>
<arg>${LIST_FIRST}</arg>
<arg>timeout=25</arg>
</arguments>
<kw name="Capture Page Screenshot" library="SeleniumLibrary">
<doc>Takes screenshot of the current page and embeds it into log file.</doc>
<msg timestamp="20190319 20:39:52.331" level="INFO" html="yes">&lt;/td&gt;&lt;/tr&gt;&lt;tr&gt;&lt;td colspan="3"&gt;&lt;a href="selenium-screenshot-26.png"&gt;&lt;img src="selenium-screenshot-26.png" width="800px"&gt;&lt;/a&gt;</msg>
<status status="PASS" starttime="20190319 20:39:51.890" endtime="20190319 20:39:52.331"></status>
</kw>
<msg timestamp="20190319 20:39:52.343" level="FAIL">Element 'xpath=(//div/div[@class='list-group bt-list-group bt-b2b__list list-transaction']/a[@class='list-group-item'])[1]' did not appear in 25 seconds.</msg>
<status status="FAIL" starttime="20190319 20:39:26.736" endtime="20190319 20:39:52.344"></status>
</kw>
<status status="FAIL" starttime="20190319 20:39:20.717" endtime="20190319 20:39:52.344"></status>
</kw>
<status status="FAIL" starttime="20190319 20:38:53.325" endtime="20190319 20:39:52.344"></status>
</kw>
<kw name="Close Browser" library="SeleniumLibrary" type="teardown">
<doc>Closes the current browser.</doc>
<status status="PASS" starttime="20190319 20:39:52.346" endtime="20190319 20:39:52.505"></status>
</kw>
<timeout value="5 minutes"></timeout>
<status status="FAIL" starttime="20190319 20:38:53.324" endtime="20190319 20:39:52.505" critical="yes">Element 'xpath=(//div/div[@class='list-group bt-list-group bt-b2b__list list-transaction']/a[@class='list-group-item'])[1]' did not appear in 25 seconds.</status>
</test>
<status status="FAIL" starttime="20190319 20:38:52.832" endtime="20190319 20:39:52.509"></status>
</suite>
<statistics>
<total>
<stat pass="0" fail="1">Critical Tests</stat>
<stat pass="0" fail="1">All Tests</stat>
</total>
<tag>
</tag>
<suite>
<stat pass="0" fail="1" id="s1" name="submit editOpty addToCart alreadyCart transaction parent child test">submit editOpty addToCart alreadyCart transaction parent child test</stat>
</suite>
</statistics>
<errors>
</errors>
</robot>
